{"/home/abdulmajid/my_project/layarkaca21asli/LK21ASLI/server/app.js": {"path":"/home/abdulmajid/my_project/layarkaca21asli/LK21ASLI/server/app.js","statementMap":{"0":{"start":{"line":1,"column":0},"end":{"line":3,"column":1}},"1":{"start":{"line":2,"column":4},"end":{"line":2,"column":31}},"2":{"start":{"line":4,"column":16},"end":{"line":4,"column":34}},"3":{"start":{"line":5,"column":12},"end":{"line":5,"column":21}},"4":{"start":{"line":6,"column":13},"end":{"line":6,"column":17}},"5":{"start":{"line":7,"column":13},"end":{"line":7,"column":28}},"6":{"start":{"line":8,"column":15},"end":{"line":8,"column":40}},"7":{"start":{"line":9,"column":21},"end":{"line":9,"column":58}},"8":{"start":{"line":11,"column":0},"end":{"line":11,"column":15}},"9":{"start":{"line":12,"column":0},"end":{"line":12,"column":23}},"10":{"start":{"line":13,"column":0},"end":{"line":13,"column":47}},"11":{"start":{"line":14,"column":0},"end":{"line":14,"column":15}},"12":{"start":{"line":15,"column":0},"end":{"line":15,"column":21}},"13":{"start":{"line":17,"column":0},"end":{"line":17,"column":20}}},"fnMap":{},"branchMap":{"0":{"loc":{"start":{"line":1,"column":0},"end":{"line":3,"column":1}},"type":"if","locations":[{"start":{"line":1,"column":0},"end":{"line":3,"column":1}},{"start":{},"end":{}}],"line":1}},"s":{"0":1,"1":1,"2":1,"3":1,"4":1,"5":1,"6":1,"7":1,"8":1,"9":1,"10":1,"11":1,"12":1,"13":1},"f":{},"b":{"0":[1,0]},"_coverageSchema":"1a1c01bbd47fc00a2c39e90264f33305004495a9","hash":"08b96549a8ecef02ba446a20d14bcf07d137817f"}
,"/home/abdulmajid/my_project/layarkaca21asli/LK21ASLI/server/controllers/WatchList.js": {"path":"/home/abdulmajid/my_project/layarkaca21asli/LK21ASLI/server/controllers/WatchList.js","statementMap":{"0":{"start":{"line":1,"column":22},"end":{"line":1,"column":42}},"1":{"start":{"line":5,"column":23},"end":{"line":5,"column":40}},"2":{"start":{"line":6,"column":8},"end":{"line":18,"column":10}},"3":{"start":{"line":13,"column":12},"end":{"line":13,"column":38}},"4":{"start":{"line":16,"column":12},"end":{"line":16,"column":29}},"5":{"start":{"line":17,"column":12},"end":{"line":17,"column":21}},"6":{"start":{"line":21,"column":24},"end":{"line":28,"column":9}},"7":{"start":{"line":29,"column":8},"end":{"line":49,"column":10}},"8":{"start":{"line":35,"column":12},"end":{"line":35,"column":46}},"9":{"start":{"line":36,"column":12},"end":{"line":40,"column":13}},"10":{"start":{"line":37,"column":16},"end":{"line":37,"column":48}},"11":{"start":{"line":39,"column":16},"end":{"line":39,"column":57}},"12":{"start":{"line":43,"column":12},"end":{"line":43,"column":51}},"13":{"start":{"line":44,"column":12},"end":{"line":44,"column":40}},"14":{"start":{"line":47,"column":12},"end":{"line":47,"column":29}},"15":{"start":{"line":48,"column":12},"end":{"line":48,"column":21}},"16":{"start":{"line":52,"column":17},"end":{"line":52,"column":31}},"17":{"start":{"line":53,"column":8},"end":{"line":64,"column":10}},"18":{"start":{"line":59,"column":12},"end":{"line":59,"column":70}},"19":{"start":{"line":62,"column":12},"end":{"line":62,"column":29}},"20":{"start":{"line":63,"column":12},"end":{"line":63,"column":21}},"21":{"start":{"line":68,"column":0},"end":{"line":68,"column":36}}},"fnMap":{"0":{"name":"(anonymous_0)","decl":{"start":{"line":4,"column":4},"end":{"line":4,"column":5}},"loc":{"start":{"line":4,"column":41},"end":{"line":19,"column":5}},"line":4},"1":{"name":"(anonymous_1)","decl":{"start":{"line":11,"column":14},"end":{"line":11,"column":15}},"loc":{"start":{"line":11,"column":24},"end":{"line":14,"column":9}},"line":11},"2":{"name":"(anonymous_2)","decl":{"start":{"line":15,"column":15},"end":{"line":15,"column":16}},"loc":{"start":{"line":15,"column":24},"end":{"line":18,"column":9}},"line":15},"3":{"name":"(anonymous_3)","decl":{"start":{"line":20,"column":4},"end":{"line":20,"column":5}},"loc":{"start":{"line":20,"column":40},"end":{"line":50,"column":5}},"line":20},"4":{"name":"(anonymous_4)","decl":{"start":{"line":34,"column":14},"end":{"line":34,"column":15}},"loc":{"start":{"line":34,"column":24},"end":{"line":41,"column":9}},"line":34},"5":{"name":"(anonymous_5)","decl":{"start":{"line":42,"column":14},"end":{"line":42,"column":15}},"loc":{"start":{"line":42,"column":26},"end":{"line":45,"column":9}},"line":42},"6":{"name":"(anonymous_6)","decl":{"start":{"line":46,"column":15},"end":{"line":46,"column":16}},"loc":{"start":{"line":46,"column":24},"end":{"line":49,"column":9}},"line":46},"7":{"name":"(anonymous_7)","decl":{"start":{"line":51,"column":4},"end":{"line":51,"column":5}},"loc":{"start":{"line":51,"column":43},"end":{"line":65,"column":5}},"line":51},"8":{"name":"(anonymous_8)","decl":{"start":{"line":58,"column":14},"end":{"line":58,"column":15}},"loc":{"start":{"line":58,"column":21},"end":{"line":60,"column":9}},"line":58},"9":{"name":"(anonymous_9)","decl":{"start":{"line":61,"column":15},"end":{"line":61,"column":16}},"loc":{"start":{"line":61,"column":24},"end":{"line":64,"column":9}},"line":61}},"branchMap":{"0":{"loc":{"start":{"line":36,"column":12},"end":{"line":40,"column":13}},"type":"if","locations":[{"start":{"line":36,"column":12},"end":{"line":40,"column":13}},{"start":{"line":38,"column":18},"end":{"line":40,"column":13}}],"line":36}},"s":{"0":1,"1":0,"2":0,"3":0,"4":0,"5":0,"6":0,"7":0,"8":0,"9":0,"10":0,"11":0,"12":0,"13":0,"14":0,"15":0,"16":0,"17":0,"18":0,"19":0,"20":0,"21":1},"f":{"0":0,"1":0,"2":0,"3":0,"4":0,"5":0,"6":0,"7":0,"8":0,"9":0},"b":{"0":[0,0]},"_coverageSchema":"1a1c01bbd47fc00a2c39e90264f33305004495a9","hash":"d905eb68f06bb55f143c392725d642ba6a6cd0f8"}
,"/home/abdulmajid/my_project/layarkaca21asli/LK21ASLI/server/controllers/movieControllers.js": {"path":"/home/abdulmajid/my_project/layarkaca21asli/LK21ASLI/server/controllers/movieControllers.js","statementMap":{"0":{"start":{"line":1,"column":14},"end":{"line":1,"column":30}},"1":{"start":{"line":3,"column":16},"end":{"line":3,"column":35}},"2":{"start":{"line":7,"column":8},"end":{"line":17,"column":9}},"3":{"start":{"line":8,"column":27},"end":{"line":11,"column":14}},"4":{"start":{"line":12,"column":12},"end":{"line":12,"column":46}},"5":{"start":{"line":15,"column":12},"end":{"line":15,"column":29}},"6":{"start":{"line":16,"column":12},"end":{"line":16,"column":21}},"7":{"start":{"line":20,"column":8},"end":{"line":31,"column":9}},"8":{"start":{"line":21,"column":21},"end":{"line":21,"column":34}},"9":{"start":{"line":22,"column":27},"end":{"line":25,"column":14}},"10":{"start":{"line":26,"column":12},"end":{"line":26,"column":38}},"11":{"start":{"line":29,"column":12},"end":{"line":29,"column":29}},"12":{"start":{"line":30,"column":12},"end":{"line":30,"column":21}},"13":{"start":{"line":34,"column":8},"end":{"line":44,"column":9}},"14":{"start":{"line":35,"column":27},"end":{"line":38,"column":14}},"15":{"start":{"line":39,"column":12},"end":{"line":39,"column":46}},"16":{"start":{"line":42,"column":12},"end":{"line":42,"column":29}},"17":{"start":{"line":43,"column":12},"end":{"line":43,"column":21}},"18":{"start":{"line":47,"column":8},"end":{"line":57,"column":9}},"19":{"start":{"line":48,"column":27},"end":{"line":51,"column":14}},"20":{"start":{"line":52,"column":12},"end":{"line":52,"column":46}},"21":{"start":{"line":55,"column":12},"end":{"line":55,"column":29}},"22":{"start":{"line":56,"column":12},"end":{"line":56,"column":21}},"23":{"start":{"line":60,"column":8},"end":{"line":70,"column":9}},"24":{"start":{"line":61,"column":27},"end":{"line":64,"column":14}},"25":{"start":{"line":65,"column":12},"end":{"line":65,"column":46}},"26":{"start":{"line":68,"column":12},"end":{"line":68,"column":29}},"27":{"start":{"line":69,"column":12},"end":{"line":69,"column":21}},"28":{"start":{"line":74,"column":0},"end":{"line":74,"column":32}}},"fnMap":{"0":{"name":"(anonymous_0)","decl":{"start":{"line":6,"column":4},"end":{"line":6,"column":5}},"loc":{"start":{"line":6,"column":45},"end":{"line":18,"column":5}},"line":6},"1":{"name":"(anonymous_1)","decl":{"start":{"line":19,"column":4},"end":{"line":19,"column":5}},"loc":{"start":{"line":19,"column":43},"end":{"line":32,"column":5}},"line":19},"2":{"name":"(anonymous_2)","decl":{"start":{"line":33,"column":4},"end":{"line":33,"column":5}},"loc":{"start":{"line":33,"column":41},"end":{"line":45,"column":5}},"line":33},"3":{"name":"(anonymous_3)","decl":{"start":{"line":46,"column":4},"end":{"line":46,"column":5}},"loc":{"start":{"line":46,"column":42},"end":{"line":58,"column":5}},"line":46},"4":{"name":"(anonymous_4)","decl":{"start":{"line":59,"column":4},"end":{"line":59,"column":5}},"loc":{"start":{"line":59,"column":42},"end":{"line":71,"column":5}},"line":59}},"branchMap":{},"s":{"0":1,"1":1,"2":0,"3":0,"4":0,"5":0,"6":0,"7":0,"8":0,"9":0,"10":0,"11":0,"12":0,"13":0,"14":0,"15":0,"16":0,"17":0,"18":0,"19":0,"20":0,"21":0,"22":0,"23":0,"24":0,"25":0,"26":0,"27":0,"28":1},"f":{"0":0,"1":0,"2":0,"3":0,"4":0},"b":{},"_coverageSchema":"1a1c01bbd47fc00a2c39e90264f33305004495a9","hash":"7cc8efe7baf4436fc9659e85dad06ded482ee443"}
,"/home/abdulmajid/my_project/layarkaca21asli/LK21ASLI/server/controllers/userController.js": {"path":"/home/abdulmajid/my_project/layarkaca21asli/LK21ASLI/server/controllers/userController.js","statementMap":{"0":{"start":{"line":1,"column":17},"end":{"line":1,"column":37}},"1":{"start":{"line":2,"column":17},"end":{"line":2,"column":42}},"2":{"start":{"line":3,"column":28},"end":{"line":3,"column":56}},"3":{"start":{"line":7,"column":8},"end":{"line":20,"column":9}},"4":{"start":{"line":8,"column":48},"end":{"line":8,"column":56}},"5":{"start":{"line":9,"column":23},"end":{"line":13,"column":14}},"6":{"start":{"line":15,"column":12},"end":{"line":15,"column":68}},"7":{"start":{"line":18,"column":12},"end":{"line":18,"column":29}},"8":{"start":{"line":19,"column":12},"end":{"line":19,"column":21}},"9":{"start":{"line":23,"column":8},"end":{"line":49,"column":9}},"10":{"start":{"line":24,"column":38},"end":{"line":24,"column":46}},"11":{"start":{"line":25,"column":23},"end":{"line":29,"column":14}},"12":{"start":{"line":30,"column":12},"end":{"line":44,"column":13}},"13":{"start":{"line":31,"column":33},"end":{"line":31,"column":73}},"14":{"start":{"line":32,"column":16},"end":{"line":40,"column":17}},"15":{"start":{"line":33,"column":32},"end":{"line":36,"column":22}},"16":{"start":{"line":37,"column":20},"end":{"line":37,"column":122}},"17":{"start":{"line":39,"column":20},"end":{"line":39,"column":48}},"18":{"start":{"line":43,"column":16},"end":{"line":43,"column":44}},"19":{"start":{"line":47,"column":12},"end":{"line":47,"column":29}},"20":{"start":{"line":48,"column":12},"end":{"line":48,"column":21}},"21":{"start":{"line":53,"column":0},"end":{"line":53,"column":31}}},"fnMap":{"0":{"name":"(anonymous_0)","decl":{"start":{"line":6,"column":4},"end":{"line":6,"column":5}},"loc":{"start":{"line":6,"column":42},"end":{"line":21,"column":5}},"line":6},"1":{"name":"(anonymous_1)","decl":{"start":{"line":22,"column":4},"end":{"line":22,"column":5}},"loc":{"start":{"line":22,"column":39},"end":{"line":50,"column":5}},"line":22}},"branchMap":{"0":{"loc":{"start":{"line":30,"column":12},"end":{"line":44,"column":13}},"type":"if","locations":[{"start":{"line":30,"column":12},"end":{"line":44,"column":13}},{"start":{"line":42,"column":19},"end":{"line":44,"column":13}}],"line":30},"1":{"loc":{"start":{"line":32,"column":16},"end":{"line":40,"column":17}},"type":"if","locations":[{"start":{"line":32,"column":16},"end":{"line":40,"column":17}},{"start":{"line":38,"column":23},"end":{"line":40,"column":17}}],"line":32}},"s":{"0":1,"1":1,"2":1,"3":1,"4":1,"5":1,"6":0,"7":1,"8":1,"9":1,"10":1,"11":1,"12":0,"13":0,"14":0,"15":0,"16":0,"17":0,"18":0,"19":1,"20":1,"21":1},"f":{"0":1,"1":1},"b":{"0":[0,0],"1":[0,0]},"_coverageSchema":"1a1c01bbd47fc00a2c39e90264f33305004495a9","hash":"998fb0d6c08a208dd0e05542e6de0e3831be935e"}
,"/home/abdulmajid/my_project/layarkaca21asli/LK21ASLI/server/helpers/bcrypt.js": {"path":"/home/abdulmajid/my_project/layarkaca21asli/LK21ASLI/server/helpers/bcrypt.js","statementMap":{"0":{"start":{"line":1,"column":15},"end":{"line":1,"column":32}},"1":{"start":{"line":4,"column":4},"end":{"line":4,"column":44}},"2":{"start":{"line":7,"column":4},"end":{"line":7,"column":62}},"3":{"start":{"line":10,"column":0},"end":{"line":10,"column":50}}},"fnMap":{"0":{"name":"hashPassword","decl":{"start":{"line":3,"column":9},"end":{"line":3,"column":21}},"loc":{"start":{"line":3,"column":36},"end":{"line":5,"column":1}},"line":3},"1":{"name":"comparePassword","decl":{"start":{"line":6,"column":9},"end":{"line":6,"column":24}},"loc":{"start":{"line":6,"column":58},"end":{"line":8,"column":1}},"line":6}},"branchMap":{},"s":{"0":1,"1":1,"2":0,"3":1},"f":{"0":1,"1":0},"b":{},"_coverageSchema":"1a1c01bbd47fc00a2c39e90264f33305004495a9","hash":"8d58780012caf7577b3324c6128137c23d6f59a8"}
,"/home/abdulmajid/my_project/layarkaca21asli/LK21ASLI/server/helpers/jwt.js": {"path":"/home/abdulmajid/my_project/layarkaca21asli/LK21ASLI/server/helpers/jwt.js","statementMap":{"0":{"start":{"line":1,"column":12},"end":{"line":1,"column":35}},"1":{"start":{"line":3,"column":17},"end":{"line":3,"column":31}},"2":{"start":{"line":6,"column":4},"end":{"line":6,"column":40}},"3":{"start":{"line":9,"column":4},"end":{"line":9,"column":42}},"4":{"start":{"line":12,"column":0},"end":{"line":12,"column":33}}},"fnMap":{"0":{"name":"sign","decl":{"start":{"line":5,"column":9},"end":{"line":5,"column":13}},"loc":{"start":{"line":5,"column":23},"end":{"line":7,"column":1}},"line":5},"1":{"name":"verify","decl":{"start":{"line":8,"column":9},"end":{"line":8,"column":15}},"loc":{"start":{"line":8,"column":25},"end":{"line":10,"column":1}},"line":8}},"branchMap":{},"s":{"0":1,"1":1,"2":0,"3":0,"4":1},"f":{"0":0,"1":0},"b":{},"_coverageSchema":"1a1c01bbd47fc00a2c39e90264f33305004495a9","hash":"9adc954ab5a3c4cda43603edc13f7e9017f6b74f"}
,"/home/abdulmajid/my_project/layarkaca21asli/LK21ASLI/server/middlewares/authentication.js": {"path":"/home/abdulmajid/my_project/layarkaca21asli/LK21ASLI/server/middlewares/authentication.js","statementMap":{"0":{"start":{"line":1,"column":19},"end":{"line":1,"column":44}},"1":{"start":{"line":2,"column":17},"end":{"line":2,"column":37}},"2":{"start":{"line":5,"column":4},"end":{"line":30,"column":5}},"3":{"start":{"line":6,"column":31},"end":{"line":6,"column":42}},"4":{"start":{"line":7,"column":8},"end":{"line":26,"column":9}},"5":{"start":{"line":8,"column":26},"end":{"line":8,"column":46}},"6":{"start":{"line":9,"column":23},"end":{"line":13,"column":14}},"7":{"start":{"line":14,"column":12},"end":{"line":23,"column":13}},"8":{"start":{"line":15,"column":16},"end":{"line":19,"column":17}},"9":{"start":{"line":20,"column":16},"end":{"line":20,"column":22}},"10":{"start":{"line":22,"column":16},"end":{"line":22,"column":52}},"11":{"start":{"line":25,"column":12},"end":{"line":25,"column":50}},"12":{"start":{"line":29,"column":8},"end":{"line":29,"column":25}},"13":{"start":{"line":33,"column":0},"end":{"line":33,"column":31}}},"fnMap":{"0":{"name":"authentication","decl":{"start":{"line":4,"column":15},"end":{"line":4,"column":29}},"loc":{"start":{"line":4,"column":46},"end":{"line":31,"column":1}},"line":4}},"branchMap":{"0":{"loc":{"start":{"line":7,"column":8},"end":{"line":26,"column":9}},"type":"if","locations":[{"start":{"line":7,"column":8},"end":{"line":26,"column":9}},{"start":{"line":24,"column":15},"end":{"line":26,"column":9}}],"line":7},"1":{"loc":{"start":{"line":14,"column":12},"end":{"line":23,"column":13}},"type":"if","locations":[{"start":{"line":14,"column":12},"end":{"line":23,"column":13}},{"start":{"line":21,"column":19},"end":{"line":23,"column":13}}],"line":14}},"s":{"0":1,"1":1,"2":0,"3":0,"4":0,"5":0,"6":0,"7":0,"8":0,"9":0,"10":0,"11":0,"12":0,"13":1},"f":{"0":0},"b":{"0":[0,0],"1":[0,0]},"_coverageSchema":"1a1c01bbd47fc00a2c39e90264f33305004495a9","hash":"83d95da692393f2d5c8a071338edae96786bc2f2"}
,"/home/abdulmajid/my_project/layarkaca21asli/LK21ASLI/server/middlewares/errorHandler.js": {"path":"/home/abdulmajid/my_project/layarkaca21asli/LK21ASLI/server/middlewares/errorHandler.js","statementMap":{"0":{"start":{"line":1,"column":0},"end":{"line":27,"column":1}},"1":{"start":{"line":2,"column":4},"end":{"line":2,"column":26}},"2":{"start":{"line":3,"column":4},"end":{"line":26,"column":5}},"3":{"start":{"line":4,"column":24},"end":{"line":4,"column":26}},"4":{"start":{"line":6,"column":8},"end":{"line":8,"column":11}},"5":{"start":{"line":7,"column":12},"end":{"line":7,"column":38}},"6":{"start":{"line":9,"column":8},"end":{"line":9,"column":39}},"7":{"start":{"line":10,"column":11},"end":{"line":26,"column":5}},"8":{"start":{"line":11,"column":8},"end":{"line":11,"column":75}},"9":{"start":{"line":12,"column":11},"end":{"line":26,"column":5}},"10":{"start":{"line":13,"column":8},"end":{"line":13,"column":69}},"11":{"start":{"line":14,"column":11},"end":{"line":26,"column":5}},"12":{"start":{"line":15,"column":8},"end":{"line":15,"column":61}},"13":{"start":{"line":16,"column":11},"end":{"line":26,"column":5}},"14":{"start":{"line":17,"column":8},"end":{"line":17,"column":64}},"15":{"start":{"line":18,"column":11},"end":{"line":26,"column":5}},"16":{"start":{"line":19,"column":8},"end":{"line":19,"column":61}},"17":{"start":{"line":20,"column":10},"end":{"line":26,"column":5}},"18":{"start":{"line":21,"column":8},"end":{"line":21,"column":62}},"19":{"start":{"line":22,"column":11},"end":{"line":26,"column":5}},"20":{"start":{"line":23,"column":8},"end":{"line":23,"column":59}},"21":{"start":{"line":25,"column":8},"end":{"line":25,"column":83}}},"fnMap":{"0":{"name":"(anonymous_0)","decl":{"start":{"line":1,"column":17},"end":{"line":1,"column":18}},"loc":{"start":{"line":1,"column":42},"end":{"line":27,"column":1}},"line":1},"1":{"name":"(anonymous_1)","decl":{"start":{"line":6,"column":27},"end":{"line":6,"column":28}},"loc":{"start":{"line":6,"column":33},"end":{"line":8,"column":9}},"line":6}},"branchMap":{"0":{"loc":{"start":{"line":3,"column":4},"end":{"line":26,"column":5}},"type":"if","locations":[{"start":{"line":3,"column":4},"end":{"line":26,"column":5}},{"start":{"line":10,"column":11},"end":{"line":26,"column":5}}],"line":3},"1":{"loc":{"start":{"line":10,"column":11},"end":{"line":26,"column":5}},"type":"if","locations":[{"start":{"line":10,"column":11},"end":{"line":26,"column":5}},{"start":{"line":12,"column":11},"end":{"line":26,"column":5}}],"line":10},"2":{"loc":{"start":{"line":12,"column":11},"end":{"line":26,"column":5}},"type":"if","locations":[{"start":{"line":12,"column":11},"end":{"line":26,"column":5}},{"start":{"line":14,"column":11},"end":{"line":26,"column":5}}],"line":12},"3":{"loc":{"start":{"line":14,"column":11},"end":{"line":26,"column":5}},"type":"if","locations":[{"start":{"line":14,"column":11},"end":{"line":26,"column":5}},{"start":{"line":16,"column":11},"end":{"line":26,"column":5}}],"line":14},"4":{"loc":{"start":{"line":16,"column":11},"end":{"line":26,"column":5}},"type":"if","locations":[{"start":{"line":16,"column":11},"end":{"line":26,"column":5}},{"start":{"line":18,"column":11},"end":{"line":26,"column":5}}],"line":16},"5":{"loc":{"start":{"line":18,"column":11},"end":{"line":26,"column":5}},"type":"if","locations":[{"start":{"line":18,"column":11},"end":{"line":26,"column":5}},{"start":{"line":20,"column":10},"end":{"line":26,"column":5}}],"line":18},"6":{"loc":{"start":{"line":20,"column":10},"end":{"line":26,"column":5}},"type":"if","locations":[{"start":{"line":20,"column":10},"end":{"line":26,"column":5}},{"start":{"line":22,"column":11},"end":{"line":26,"column":5}}],"line":20},"7":{"loc":{"start":{"line":22,"column":11},"end":{"line":26,"column":5}},"type":"if","locations":[{"start":{"line":22,"column":11},"end":{"line":26,"column":5}},{"start":{"line":24,"column":11},"end":{"line":26,"column":5}}],"line":22},"8":{"loc":{"start":{"line":25,"column":41},"end":{"line":25,"column":79}},"type":"binary-expr","locations":[{"start":{"line":25,"column":41},"end":{"line":25,"column":52}},{"start":{"line":25,"column":56},"end":{"line":25,"column":79}}],"line":25}},"s":{"0":1,"1":2,"2":2,"3":0,"4":0,"5":0,"6":0,"7":2,"8":0,"9":2,"10":0,"11":2,"12":0,"13":2,"14":0,"15":2,"16":0,"17":2,"18":0,"19":2,"20":0,"21":2},"f":{"0":2,"1":0},"b":{"0":[0,2],"1":[0,2],"2":[0,2],"3":[0,2],"4":[0,2],"5":[0,2],"6":[0,2],"7":[0,2],"8":[2,0]},"_coverageSchema":"1a1c01bbd47fc00a2c39e90264f33305004495a9","hash":"f5e4af5bfbbb6d0aa19fdc1354960098bc169946"}
,"/home/abdulmajid/my_project/layarkaca21asli/LK21ASLI/server/models/comment.js": {"path":"/home/abdulmajid/my_project/layarkaca21asli/LK21ASLI/server/models/comment.js","statementMap":{"0":{"start":{"line":4,"column":4},"end":{"line":4,"column":24}},"1":{"start":{"line":5,"column":0},"end":{"line":24,"column":2}},"2":{"start":{"line":14,"column":6},"end":{"line":14,"column":36}},"3":{"start":{"line":17,"column":2},"end":{"line":22,"column":5}},"4":{"start":{"line":23,"column":2},"end":{"line":23,"column":17}}},"fnMap":{"0":{"name":"(anonymous_0)","decl":{"start":{"line":5,"column":17},"end":{"line":5,"column":18}},"loc":{"start":{"line":5,"column":43},"end":{"line":24,"column":1}},"line":5},"1":{"name":"(anonymous_1)","decl":{"start":{"line":12,"column":4},"end":{"line":12,"column":5}},"loc":{"start":{"line":12,"column":29},"end":{"line":15,"column":5}},"line":12}},"branchMap":{},"s":{"0":1,"1":1,"2":1,"3":1,"4":1},"f":{"0":1,"1":1},"b":{},"_coverageSchema":"1a1c01bbd47fc00a2c39e90264f33305004495a9","hash":"7e30299d542d73fa07c5516b4c664e8f7394d3cc"}
,"/home/abdulmajid/my_project/layarkaca21asli/LK21ASLI/server/models/index.js": {"path":"/home/abdulmajid/my_project/layarkaca21asli/LK21ASLI/server/models/index.js","statementMap":{"0":{"start":{"line":3,"column":11},"end":{"line":3,"column":24}},"1":{"start":{"line":4,"column":13},"end":{"line":4,"column":28}},"2":{"start":{"line":5,"column":18},"end":{"line":5,"column":38}},"3":{"start":{"line":6,"column":17},"end":{"line":6,"column":42}},"4":{"start":{"line":7,"column":12},"end":{"line":7,"column":49}},"5":{"start":{"line":8,"column":15},"end":{"line":8,"column":65}},"6":{"start":{"line":9,"column":11},"end":{"line":9,"column":13}},"7":{"start":{"line":12,"column":0},"end":{"line":16,"column":1}},"8":{"start":{"line":13,"column":2},"end":{"line":13,"column":74}},"9":{"start":{"line":15,"column":2},"end":{"line":15,"column":87}},"10":{"start":{"line":18,"column":0},"end":{"line":26,"column":5}},"11":{"start":{"line":21,"column":4},"end":{"line":21,"column":90}},"12":{"start":{"line":24,"column":18},"end":{"line":24,"column":85}},"13":{"start":{"line":25,"column":4},"end":{"line":25,"column":27}},"14":{"start":{"line":28,"column":0},"end":{"line":32,"column":3}},"15":{"start":{"line":29,"column":2},"end":{"line":31,"column":3}},"16":{"start":{"line":30,"column":4},"end":{"line":30,"column":32}},"17":{"start":{"line":34,"column":0},"end":{"line":34,"column":25}},"18":{"start":{"line":35,"column":0},"end":{"line":35,"column":25}},"19":{"start":{"line":37,"column":0},"end":{"line":37,"column":20}}},"fnMap":{"0":{"name":"(anonymous_0)","decl":{"start":{"line":20,"column":10},"end":{"line":20,"column":11}},"loc":{"start":{"line":20,"column":18},"end":{"line":22,"column":3}},"line":20},"1":{"name":"(anonymous_1)","decl":{"start":{"line":23,"column":11},"end":{"line":23,"column":12}},"loc":{"start":{"line":23,"column":19},"end":{"line":26,"column":3}},"line":23},"2":{"name":"(anonymous_2)","decl":{"start":{"line":28,"column":24},"end":{"line":28,"column":25}},"loc":{"start":{"line":28,"column":37},"end":{"line":32,"column":1}},"line":28}},"branchMap":{"0":{"loc":{"start":{"line":7,"column":12},"end":{"line":7,"column":49}},"type":"binary-expr","locations":[{"start":{"line":7,"column":12},"end":{"line":7,"column":32}},{"start":{"line":7,"column":36},"end":{"line":7,"column":49}}],"line":7},"1":{"loc":{"start":{"line":12,"column":0},"end":{"line":16,"column":1}},"type":"if","locations":[{"start":{"line":12,"column":0},"end":{"line":16,"column":1}},{"start":{"line":14,"column":7},"end":{"line":16,"column":1}}],"line":12},"2":{"loc":{"start":{"line":21,"column":11},"end":{"line":21,"column":89}},"type":"binary-expr","locations":[{"start":{"line":21,"column":12},"end":{"line":21,"column":35}},{"start":{"line":21,"column":41},"end":{"line":21,"column":58}},{"start":{"line":21,"column":64},"end":{"line":21,"column":88}}],"line":21},"3":{"loc":{"start":{"line":29,"column":2},"end":{"line":31,"column":3}},"type":"if","locations":[{"start":{"line":29,"column":2},"end":{"line":31,"column":3}},{"start":{},"end":{}}],"line":29}},"s":{"0":1,"1":1,"2":1,"3":1,"4":1,"5":1,"6":1,"7":1,"8":0,"9":1,"10":1,"11":4,"12":3,"13":3,"14":1,"15":3,"16":3,"17":1,"18":1,"19":1},"f":{"0":4,"1":3,"2":3},"b":{"0":[1,0],"1":[0,1],"2":[4,4,3],"3":[3,0]},"_coverageSchema":"1a1c01bbd47fc00a2c39e90264f33305004495a9","hash":"7ac9006213f64a87e9256401b7df72b0b095ff21"}
,"/home/abdulmajid/my_project/layarkaca21asli/LK21ASLI/server/models/user.js": {"path":"/home/abdulmajid/my_project/layarkaca21asli/LK21ASLI/server/models/user.js","statementMap":{"0":{"start":{"line":4,"column":4},"end":{"line":4,"column":24}},"1":{"start":{"line":5,"column":25},"end":{"line":5,"column":53}},"2":{"start":{"line":6,"column":0},"end":{"line":62,"column":2}},"3":{"start":{"line":15,"column":6},"end":{"line":15,"column":36}},"4":{"start":{"line":16,"column":6},"end":{"line":16,"column":34}},"5":{"start":{"line":19,"column":2},"end":{"line":60,"column":5}},"6":{"start":{"line":55,"column":8},"end":{"line":55,"column":51}},"7":{"start":{"line":61,"column":2},"end":{"line":61,"column":14}}},"fnMap":{"0":{"name":"(anonymous_0)","decl":{"start":{"line":6,"column":17},"end":{"line":6,"column":18}},"loc":{"start":{"line":6,"column":43},"end":{"line":62,"column":1}},"line":6},"1":{"name":"(anonymous_1)","decl":{"start":{"line":13,"column":4},"end":{"line":13,"column":5}},"loc":{"start":{"line":13,"column":29},"end":{"line":17,"column":5}},"line":13},"2":{"name":"(anonymous_2)","decl":{"start":{"line":54,"column":6},"end":{"line":54,"column":7}},"loc":{"start":{"line":54,"column":25},"end":{"line":56,"column":7}},"line":54}},"branchMap":{},"s":{"0":1,"1":1,"2":1,"3":1,"4":1,"5":1,"6":1,"7":1},"f":{"0":1,"1":1,"2":1},"b":{},"_coverageSchema":"1a1c01bbd47fc00a2c39e90264f33305004495a9","hash":"52c7c1ab0f4deb442dcdc6e7deca96b8cc4e8336"}
,"/home/abdulmajid/my_project/layarkaca21asli/LK21ASLI/server/models/watchlist.js": {"path":"/home/abdulmajid/my_project/layarkaca21asli/LK21ASLI/server/models/watchlist.js","statementMap":{"0":{"start":{"line":4,"column":4},"end":{"line":4,"column":24}},"1":{"start":{"line":5,"column":0},"end":{"line":28,"column":2}},"2":{"start":{"line":14,"column":6},"end":{"line":14,"column":38}},"3":{"start":{"line":17,"column":2},"end":{"line":26,"column":5}},"4":{"start":{"line":27,"column":2},"end":{"line":27,"column":19}}},"fnMap":{"0":{"name":"(anonymous_0)","decl":{"start":{"line":5,"column":17},"end":{"line":5,"column":18}},"loc":{"start":{"line":5,"column":43},"end":{"line":28,"column":1}},"line":5},"1":{"name":"(anonymous_1)","decl":{"start":{"line":12,"column":4},"end":{"line":12,"column":5}},"loc":{"start":{"line":12,"column":29},"end":{"line":15,"column":5}},"line":12}},"branchMap":{},"s":{"0":1,"1":1,"2":1,"3":1,"4":1},"f":{"0":1,"1":1},"b":{},"_coverageSchema":"1a1c01bbd47fc00a2c39e90264f33305004495a9","hash":"5cc52145783cfa93fcaebb11c7916b0474c8d00e"}
,"/home/abdulmajid/my_project/layarkaca21asli/LK21ASLI/server/routes/index.js": {"path":"/home/abdulmajid/my_project/layarkaca21asli/LK21ASLI/server/routes/index.js","statementMap":{"0":{"start":{"line":1,"column":15},"end":{"line":1,"column":42}},"1":{"start":{"line":2,"column":23},"end":{"line":2,"column":63}},"2":{"start":{"line":3,"column":23},"end":{"line":3,"column":63}},"3":{"start":{"line":4,"column":24},"end":{"line":4,"column":66}},"4":{"start":{"line":5,"column":28},"end":{"line":5,"column":63}},"5":{"start":{"line":7,"column":0},"end":{"line":7,"column":49}},"6":{"start":{"line":8,"column":0},"end":{"line":8,"column":43}},"7":{"start":{"line":10,"column":0},"end":{"line":10,"column":26}},"8":{"start":{"line":11,"column":0},"end":{"line":11,"column":62}},"9":{"start":{"line":12,"column":0},"end":{"line":12,"column":62}},"10":{"start":{"line":13,"column":0},"end":{"line":13,"column":56}},"11":{"start":{"line":14,"column":0},"end":{"line":14,"column":57}},"12":{"start":{"line":15,"column":0},"end":{"line":15,"column":54}},"13":{"start":{"line":17,"column":0},"end":{"line":17,"column":66}},"14":{"start":{"line":18,"column":0},"end":{"line":18,"column":66}},"15":{"start":{"line":19,"column":0},"end":{"line":19,"column":75}},"16":{"start":{"line":21,"column":0},"end":{"line":21,"column":23}}},"fnMap":{},"branchMap":{},"s":{"0":1,"1":1,"2":1,"3":1,"4":1,"5":1,"6":1,"7":1,"8":1,"9":1,"10":1,"11":1,"12":1,"13":1,"14":1,"15":1,"16":1},"f":{},"b":{},"_coverageSchema":"1a1c01bbd47fc00a2c39e90264f33305004495a9","hash":"baf27c8a935bfb51a355fe62e7809d1ac8c30bf1"}
}
